----------------------------------------------------------------
Tue May 12 15:10:25 EEST 2026:
Booting Derby version The Apache Software Foundation - Apache Derby - 10.16.1.1 - (1901046): instance a816c00e-019e-1c18-756a-000005569880 
on database directory C:\J4DI_Project\metastore_db with class loader jdk.internal.loader.ClassLoaders$AppClassLoader@76ed5528 
Loaded from file:/C:/Users/anama/.m2/repository/org/apache/derby/derby/10.16.1.1/derby-10.16.1.1.jar
java.vendor=Eclipse Adoptium
java.runtime.version=21.0.11+10-LTS
user.dir=C:\J4DI_Project
os.name=Windows 11
os.arch=amd64
os.version=10.0
derby.system.home=null
Database Class Loader started - derby.database.classpath=''
----------------------------------------------------------------
Tue May 12 15:10:40 EEST 2026:
Booting Derby version The Apache Software Foundation - Apache Derby - 10.16.1.1 - (1901046): instance fcd84dbf-019e-1c18-756a-000005569880 
on database directory memory:C:\J4DI_Project with class loader jdk.internal.loader.ClassLoaders$AppClassLoader@76ed5528 
Loaded from file:/C:/Users/anama/.m2/repository/org/apache/derby/derby/10.16.1.1/derby-10.16.1.1.jar
java.vendor=Eclipse Adoptium
java.runtime.version=21.0.11+10-LTS
user.dir=C:\J4DI_Project
os.name=Windows 11
os.arch=amd64
os.version=10.0
derby.system.home=null
Database Class Loader started - derby.database.classpath=''
